{"C:\\opencode\\mystatus\\opencode-mystatus\\plugin\\lib\\google.ts": {"path":"C:\\opencode\\mystatus\\opencode-mystatus\\plugin\\lib\\google.ts","statementMap":{"0":{"start":{"line":46,"column":2},"end":{"line":46,"column":null}},"1":{"start":{"line":47,"column":19},"end":{"line":47,"column":null}},"2":{"start":{"line":50,"column":41},"end":{"line":59,"column":null}},"3":{"start":{"line":63,"column":8},"end":{"line":63,"column":null}},"4":{"start":{"line":65,"column":4},"end":{"line":67,"column":null}},"5":{"start":{"line":68,"column":2},"end":{"line":68,"column":null}},"6":{"start":{"line":71,"column":33},"end":{"line":71,"column":null}},"7":{"start":{"line":76,"column":25},"end":{"line":76,"column":null}},"8":{"start":{"line":77,"column":29},"end":{"line":77,"column":null}},"9":{"start":{"line":87,"column":2},"end":{"line":87,"column":null}},"10":{"start":{"line":87,"column":16},"end":{"line":87,"column":null}},"11":{"start":{"line":89,"column":2},"end":{"line":107,"column":null}},"12":{"start":{"line":90,"column":22},"end":{"line":90,"column":null}},"13":{"start":{"line":91,"column":16},"end":{"line":91,"column":null}},"14":{"start":{"line":93,"column":19},"end":{"line":93,"column":null}},"15":{"start":{"line":94,"column":4},"end":{"line":94,"column":null}},"16":{"start":{"line":94,"column":21},"end":{"line":94,"column":null}},"17":{"start":{"line":96,"column":24},"end":{"line":96,"column":null}},"18":{"start":{"line":97,"column":17},"end":{"line":97,"column":null}},"19":{"start":{"line":98,"column":18},"end":{"line":98,"column":null}},"20":{"start":{"line":99,"column":20},"end":{"line":99,"column":null}},"21":{"start":{"line":101,"column":4},"end":{"line":103,"column":null}},"22":{"start":{"line":102,"column":6},"end":{"line":102,"column":null}},"23":{"start":{"line":104,"column":4},"end":{"line":104,"column":null}},"24":{"start":{"line":106,"column":4},"end":{"line":106,"column":null}},"25":{"start":{"line":114,"column":31},"end":{"line":114,"column":null}},"26":{"start":{"line":116,"column":2},"end":{"line":135,"column":null}},"27":{"start":{"line":117,"column":20},"end":{"line":117,"column":null}},"28":{"start":{"line":120,"column":4},"end":{"line":122,"column":null}},"29":{"start":{"line":121,"column":6},"end":{"line":121,"column":null}},"30":{"start":{"line":125,"column":4},"end":{"line":134,"column":null}},"31":{"start":{"line":126,"column":32},"end":{"line":126,"column":null}},"32":{"start":{"line":127,"column":6},"end":{"line":133,"column":null}},"33":{"start":{"line":137,"column":2},"end":{"line":137,"column":null}},"34":{"start":{"line":147,"column":2},"end":{"line":152,"column":null}},"35":{"start":{"line":148,"column":4},"end":{"line":151,"column":null}},"36":{"start":{"line":154,"column":17},"end":{"line":159,"column":null}},"37":{"start":{"line":161,"column":19},"end":{"line":165,"column":null}},"38":{"start":{"line":167,"column":2},"end":{"line":170,"column":null}},"39":{"start":{"line":168,"column":22},"end":{"line":168,"column":null}},"40":{"start":{"line":169,"column":4},"end":{"line":169,"column":null}},"41":{"start":{"line":172,"column":2},"end":{"line":172,"column":null}},"42":{"start":{"line":186,"column":19},"end":{"line":194,"column":null}},"43":{"start":{"line":196,"column":2},"end":{"line":199,"column":null}},"44":{"start":{"line":197,"column":22},"end":{"line":197,"column":null}},"45":{"start":{"line":198,"column":4},"end":{"line":198,"column":null}},"46":{"start":{"line":201,"column":18},"end":{"line":201,"column":null}},"47":{"start":{"line":202,"column":2},"end":{"line":202,"column":null}},"48":{"start":{"line":216,"column":2},"end":{"line":242,"column":null}},"49":{"start":{"line":218,"column":29},"end":{"line":218,"column":null}},"50":{"start":{"line":221,"column":22},"end":{"line":221,"column":null}},"51":{"start":{"line":222,"column":4},"end":{"line":224,"column":null}},"52":{"start":{"line":223,"column":6},"end":{"line":223,"column":null}},"53":{"start":{"line":227,"column":17},"end":{"line":227,"column":null}},"54":{"start":{"line":230,"column":19},"end":{"line":230,"column":null}},"55":{"start":{"line":232,"column":4},"end":{"line":234,"column":null}},"56":{"start":{"line":233,"column":4},"end":{"line":233,"column":null}},"57":{"start":{"line":237,"column":10},"end":{"line":237,"column":null}},"58":{"start":{"line":237,"column":47},"end":{"line":237,"column":68}},"59":{"start":{"line":239,"column":4},"end":{"line":239,"column":null}},"60":{"start":{"line":241,"column":4},"end":{"line":241,"column":null}},"61":{"start":{"line":253,"column":26},"end":{"line":253,"column":null}},"62":{"start":{"line":256,"column":2},"end":{"line":256,"column":null}},"63":{"start":{"line":258,"column":2},"end":{"line":262,"column":null}},"64":{"start":{"line":259,"column":4},"end":{"line":259,"column":null}},"65":{"start":{"line":260,"column":4},"end":{"line":260,"column":null}},"66":{"start":{"line":261,"column":4},"end":{"line":261,"column":null}},"67":{"start":{"line":264,"column":2},"end":{"line":264,"column":null}},"68":{"start":{"line":267,"column":2},"end":{"line":272,"column":null}},"69":{"start":{"line":268,"column":10},"end":{"line":268,"column":null}},"70":{"start":{"line":269,"column":4},"end":{"line":271,"column":null}},"71":{"start":{"line":275,"column":2},"end":{"line":278,"column":null}},"72":{"start":{"line":276,"column":4},"end":{"line":276,"column":null}},"73":{"start":{"line":277,"column":4},"end":{"line":277,"column":null}},"74":{"start":{"line":280,"column":2},"end":{"line":280,"column":null}},"75":{"start":{"line":292,"column":2},"end":{"line":353,"column":null}},"76":{"start":{"line":294,"column":20},"end":{"line":294,"column":null}},"77":{"start":{"line":295,"column":17},"end":{"line":295,"column":null}},"78":{"start":{"line":297,"column":4},"end":{"line":302,"column":null}},"79":{"start":{"line":298,"column":6},"end":{"line":301,"column":null}},"80":{"start":{"line":305,"column":26},"end":{"line":305,"column":null}},"81":{"start":{"line":305,"column":60},"end":{"line":305,"column":73}},"82":{"start":{"line":307,"column":4},"end":{"line":312,"column":null}},"83":{"start":{"line":308,"column":6},"end":{"line":311,"column":null}},"84":{"start":{"line":315,"column":20},"end":{"line":321,"column":null}},"85":{"start":{"line":317,"column":8},"end":{"line":319,"column":null}},"86":{"start":{"line":318,"column":23},"end":{"line":318,"column":null}},"87":{"start":{"line":324,"column":30},"end":{"line":324,"column":null}},"88":{"start":{"line":326,"column":4},"end":{"line":337,"column":null}},"89":{"start":{"line":327,"column":6},"end":{"line":336,"column":null}},"90":{"start":{"line":328,"column":8},"end":{"line":328,"column":null}},"91":{"start":{"line":329,"column":6},"end":{"line":336,"column":null}},"92":{"start":{"line":330,"column":44},"end":{"line":334,"column":null}},"93":{"start":{"line":335,"column":8},"end":{"line":335,"column":null}},"94":{"start":{"line":340,"column":4},"end":{"line":345,"column":null}},"95":{"start":{"line":341,"column":6},"end":{"line":344,"column":null}},"96":{"start":{"line":347,"column":4},"end":{"line":350,"column":null}},"97":{"start":{"line":352,"column":4},"end":{"line":352,"column":null}}},"fnMap":{"0":{"name":"getAntigravityAccountsPath","decl":{"start":{"line":62,"column":9},"end":{"line":62,"column":46}},"loc":{"start":{"line":62,"column":46},"end":{"line":69,"column":null}},"line":62},"1":{"name":"formatResetTimeShort","decl":{"start":{"line":86,"column":9},"end":{"line":86,"column":30}},"loc":{"start":{"line":86,"column":55},"end":{"line":108,"column":null}},"line":86},"2":{"name":"extractModelQuotas","decl":{"start":{"line":113,"column":9},"end":{"line":113,"column":28}},"loc":{"start":{"line":113,"column":69},"end":{"line":138,"column":null}},"line":113},"3":{"name":"refreshAccessToken","decl":{"start":{"line":143,"column":15},"end":{"line":143,"column":null}},"loc":{"start":{"line":145,"column":57},"end":{"line":173,"column":null}},"line":145},"4":{"name":"fetchGoogleUsage","decl":{"start":{"line":182,"column":15},"end":{"line":182,"column":null}},"loc":{"start":{"line":185,"column":32},"end":{"line":203,"column":null}},"line":185},"5":{"name":"fetchAccountQuota","decl":{"start":{"line":208,"column":15},"end":{"line":208,"column":null}},"loc":{"start":{"line":215,"column":3},"end":{"line":243,"column":null}},"line":215},"6":{"name":"(anonymous_6)","decl":{"start":{"line":237,"column":40},"end":{"line":237,"column":41}},"loc":{"start":{"line":237,"column":47},"end":{"line":237,"column":68}},"line":237},"7":{"name":"formatAccountQuota","decl":{"start":{"line":252,"column":9},"end":{"line":252,"column":28}},"loc":{"start":{"line":252,"column":65},"end":{"line":281,"column":null}},"line":252},"8":{"name":"queryGoogleUsage","decl":{"start":{"line":291,"column":22},"end":{"line":291,"column":63}},"loc":{"start":{"line":291,"column":63},"end":{"line":354,"column":null}},"line":291},"9":{"name":"(anonymous_9)","decl":{"start":{"line":305,"column":47},"end":{"line":305,"column":48}},"loc":{"start":{"line":305,"column":60},"end":{"line":305,"column":73}},"line":305},"10":{"name":"(anonymous_10)","decl":{"start":{"line":316,"column":24},"end":{"line":316,"column":25}},"loc":{"start":{"line":317,"column":8},"end":{"line":319,"column":null}},"line":317},"11":{"name":"(anonymous_11)","decl":{"start":{"line":318,"column":10},"end":{"line":318,"column":11}},"loc":{"start":{"line":318,"column":23},"end":{"line":318,"column":null}},"line":318}},"branchMap":{"0":{"loc":{"start":{"line":65,"column":4},"end":{"line":67,"column":null}},"type":"cond-expr","locations":[{"start":{"line":66,"column":8},"end":{"line":66,"column":null}},{"start":{"line":66,"column":62},"end":{"line":67,"column":null}}],"line":65},"1":{"loc":{"start":{"line":66,"column":8},"end":{"line":66,"column":null}},"type":"binary-expr","locations":[{"start":{"line":66,"column":8},"end":{"line":66,"column":31}},{"start":{"line":66,"column":20},"end":{"line":66,"column":null}}],"line":66},"2":{"loc":{"start":{"line":87,"column":2},"end":{"line":87,"column":null}},"type":"if","locations":[{"start":{"line":87,"column":2},"end":{"line":87,"column":null}},{"start":{},"end":{}}],"line":87},"3":{"loc":{"start":{"line":94,"column":4},"end":{"line":94,"column":null}},"type":"if","locations":[{"start":{"line":94,"column":4},"end":{"line":94,"column":null}},{"start":{},"end":{}}],"line":94},"4":{"loc":{"start":{"line":94,"column":28},"end":{"line":94,"column":null}},"type":"cond-expr","locations":[{"start":{"line":94,"column":51},"end":{"line":94,"column":59}},{"start":{"line":94,"column":59},"end":{"line":94,"column":null}}],"line":94},"5":{"loc":{"start":{"line":101,"column":4},"end":{"line":103,"column":null}},"type":"if","locations":[{"start":{"line":101,"column":4},"end":{"line":103,"column":null}},{"start":{},"end":{}}],"line":101},"6":{"loc":{"start":{"line":120,"column":4},"end":{"line":122,"column":null}},"type":"if","locations":[{"start":{"line":120,"column":4},"end":{"line":122,"column":null}},{"start":{},"end":{}}],"line":120},"7":{"loc":{"start":{"line":120,"column":8},"end":{"line":120,"column":42}},"type":"binary-expr","locations":[{"start":{"line":120,"column":8},"end":{"line":120,"column":22}},{"start":{"line":120,"column":22},"end":{"line":120,"column":42}}],"line":120},"8":{"loc":{"start":{"line":125,"column":4},"end":{"line":134,"column":null}},"type":"if","locations":[{"start":{"line":125,"column":4},"end":{"line":134,"column":null}},{"start":{},"end":{}}],"line":125},"9":{"loc":{"start":{"line":126,"column":32},"end":{"line":126,"column":null}},"type":"binary-expr","locations":[{"start":{"line":126,"column":32},"end":{"line":126,"column":74}},{"start":{"line":126,"column":74},"end":{"line":126,"column":null}}],"line":126},"10":{"loc":{"start":{"line":131,"column":10},"end":{"line":131,"column":null}},"type":"binary-expr","locations":[{"start":{"line":131,"column":10},"end":{"line":131,"column":44}},{"start":{"line":131,"column":44},"end":{"line":131,"column":null}}],"line":131},"11":{"loc":{"start":{"line":147,"column":2},"end":{"line":152,"column":null}},"type":"if","locations":[{"start":{"line":147,"column":2},"end":{"line":152,"column":null}},{"start":{},"end":{}}],"line":147},"12":{"loc":{"start":{"line":147,"column":6},"end":{"line":147,"column":50}},"type":"binary-expr","locations":[{"start":{"line":147,"column":6},"end":{"line":147,"column":27}},{"start":{"line":147,"column":27},"end":{"line":147,"column":50}}],"line":147},"13":{"loc":{"start":{"line":167,"column":2},"end":{"line":170,"column":null}},"type":"if","locations":[{"start":{"line":167,"column":2},"end":{"line":170,"column":null}},{"start":{},"end":{}}],"line":167},"14":{"loc":{"start":{"line":196,"column":2},"end":{"line":199,"column":null}},"type":"if","locations":[{"start":{"line":196,"column":2},"end":{"line":199,"column":null}},{"start":{},"end":{}}],"line":196},"15":{"loc":{"start":{"line":221,"column":22},"end":{"line":221,"column":null}},"type":"binary-expr","locations":[{"start":{"line":221,"column":22},"end":{"line":221,"column":43}},{"start":{"line":221,"column":43},"end":{"line":221,"column":null}}],"line":221},"16":{"loc":{"start":{"line":222,"column":4},"end":{"line":224,"column":null}},"type":"if","locations":[{"start":{"line":222,"column":4},"end":{"line":224,"column":null}},{"start":{},"end":{}}],"line":222},"17":{"loc":{"start":{"line":232,"column":4},"end":{"line":234,"column":null}},"type":"if","locations":[{"start":{"line":232,"column":4},"end":{"line":234,"column":null}},{"start":{},"end":{}}],"line":232},"18":{"loc":{"start":{"line":258,"column":2},"end":{"line":262,"column":null}},"type":"if","locations":[{"start":{"line":258,"column":2},"end":{"line":262,"column":null}},{"start":{},"end":{}}],"line":258},"19":{"loc":{"start":{"line":275,"column":2},"end":{"line":278,"column":null}},"type":"if","locations":[{"start":{"line":275,"column":2},"end":{"line":278,"column":null}},{"start":{},"end":{}}],"line":275},"20":{"loc":{"start":{"line":297,"column":4},"end":{"line":302,"column":null}},"type":"if","locations":[{"start":{"line":297,"column":4},"end":{"line":302,"column":null}},{"start":{},"end":{}}],"line":297},"21":{"loc":{"start":{"line":297,"column":8},"end":{"line":297,"column":54}},"type":"binary-expr","locations":[{"start":{"line":297,"column":8},"end":{"line":297,"column":26}},{"start":{"line":297,"column":26},"end":{"line":297,"column":54}}],"line":297},"22":{"loc":{"start":{"line":307,"column":4},"end":{"line":312,"column":null}},"type":"if","locations":[{"start":{"line":307,"column":4},"end":{"line":312,"column":null}},{"start":{},"end":{}}],"line":307},"23":{"loc":{"start":{"line":327,"column":6},"end":{"line":336,"column":null}},"type":"if","locations":[{"start":{"line":327,"column":6},"end":{"line":336,"column":null}},{"start":{"line":329,"column":6},"end":{"line":336,"column":null}}],"line":327},"24":{"loc":{"start":{"line":328,"column":24},"end":{"line":328,"column":50}},"type":"binary-expr","locations":[{"start":{"line":328,"column":24},"end":{"line":328,"column":41}},{"start":{"line":328,"column":41},"end":{"line":328,"column":50}}],"line":328},"25":{"loc":{"start":{"line":329,"column":6},"end":{"line":336,"column":null}},"type":"if","locations":[{"start":{"line":329,"column":6},"end":{"line":336,"column":null}},{"start":{},"end":{}}],"line":329},"26":{"loc":{"start":{"line":329,"column":17},"end":{"line":329,"column":60}},"type":"binary-expr","locations":[{"start":{"line":329,"column":17},"end":{"line":329,"column":34}},{"start":{"line":329,"column":34},"end":{"line":329,"column":60}}],"line":329},"27":{"loc":{"start":{"line":331,"column":17},"end":{"line":331,"column":null}},"type":"binary-expr","locations":[{"start":{"line":331,"column":17},"end":{"line":331,"column":34}},{"start":{"line":331,"column":34},"end":{"line":331,"column":null}}],"line":331},"28":{"loc":{"start":{"line":333,"column":20},"end":{"line":333,"column":null}},"type":"binary-expr","locations":[{"start":{"line":333,"column":20},"end":{"line":333,"column":39}},{"start":{"line":333,"column":39},"end":{"line":333,"column":null}}],"line":333},"29":{"loc":{"start":{"line":340,"column":4},"end":{"line":345,"column":null}},"type":"if","locations":[{"start":{"line":340,"column":4},"end":{"line":345,"column":null}},{"start":{},"end":{}}],"line":340}},"s":{"0":0,"1":0,"2":0,"3":0,"4":0,"5":0,"6":0,"7":0,"8":0,"9":0,"10":0,"11":0,"12":0,"13":0,"14":0,"15":0,"16":0,"17":0,"18":0,"19":0,"20":0,"21":0,"22":0,"23":0,"24":0,"25":0,"26":0,"27":0,"28":0,"29":0,"30":0,"31":0,"32":0,"33":0,"34":0,"35":0,"36":0,"37":0,"38":0,"39":0,"40":0,"41":0,"42":0,"43":0,"44":0,"45":0,"46":0,"47":0,"48":0,"49":0,"50":0,"51":0,"52":0,"53":0,"54":0,"55":0,"56":0,"57":0,"58":0,"59":0,"60":0,"61":0,"62":0,"63":0,"64":0,"65":0,"66":0,"67":0,"68":0,"69":0,"70":0,"71":0,"72":0,"73":0,"74":0,"75":0,"76":0,"77":0,"78":0,"79":0,"80":0,"81":0,"82":0,"83":0,"84":0,"85":0,"86":0,"87":0,"88":0,"89":0,"90":0,"91":0,"92":0,"93":0,"94":0,"95":0,"96":0,"97":0},"f":{"0":0,"1":0,"2":0,"3":0,"4":0,"5":0,"6":0,"7":0,"8":0,"9":0,"10":0,"11":0},"b":{"0":[0,0],"1":[0,0],"2":[0,0],"3":[0,0],"4":[0,0],"5":[0,0],"6":[0,0],"7":[0,0],"8":[0,0],"9":[0,0],"10":[0,0],"11":[0,0],"12":[0,0],"13":[0,0],"14":[0,0],"15":[0,0],"16":[0,0],"17":[0,0],"18":[0,0],"19":[0,0],"20":[0,0],"21":[0,0],"22":[0,0],"23":[0,0],"24":[0,0],"25":[0,0],"26":[0,0],"27":[0,0],"28":[0,0],"29":[0,0]},"meta":{"lastBranch":30,"lastFunction":12,"lastStatement":98,"seen":{"s:46:2:46:Infinity":0,"s:47:19:47:Infinity":1,"s:50:41:59:Infinity":2,"f:62:9:62:46":0,"s:63:8:63:Infinity":3,"s:65:4:67:Infinity":4,"b:66:8:66:Infinity:66:62:67:Infinity":0,"b:66:8:66:31:66:20:66:Infinity":1,"s:68:2:68:Infinity":5,"s:71:33:71:Infinity":6,"s:76:25:76:Infinity":7,"s:77:29:77:Infinity":8,"f:86:9:86:30":1,"b:87:2:87:Infinity:undefined:undefined:undefined:undefined":2,"s:87:2:87:Infinity":9,"s:87:16:87:Infinity":10,"s:89:2:107:Infinity":11,"s:90:22:90:Infinity":12,"s:91:16:91:Infinity":13,"s:93:19:93:Infinity":14,"b:94:4:94:Infinity:undefined:undefined:undefined:undefined":3,"s:94:4:94:Infinity":15,"s:94:21:94:Infinity":16,"b:94:51:94:59:94:59:94:Infinity":4,"s:96:24:96:Infinity":17,"s:97:17:97:Infinity":18,"s:98:18:98:Infinity":19,"s:99:20:99:Infinity":20,"b:101:4:103:Infinity:undefined:undefined:undefined:undefined":5,"s:101:4:103:Infinity":21,"s:102:6:102:Infinity":22,"s:104:4:104:Infinity":23,"s:106:4:106:Infinity":24,"f:113:9:113:28":2,"s:114:31:114:Infinity":25,"s:116:2:135:Infinity":26,"s:117:20:117:Infinity":27,"b:120:4:122:Infinity:undefined:undefined:undefined:undefined":6,"s:120:4:122:Infinity":28,"b:120:8:120:22:120:22:120:42":7,"s:121:6:121:Infinity":29,"b:125:4:134:Infinity:undefined:undefined:undefined:undefined":8,"s:125:4:134:Infinity":30,"s:126:32:126:Infinity":31,"b:126:32:126:74:126:74:126:Infinity":9,"s:127:6:133:Infinity":32,"b:131:10:131:44:131:44:131:Infinity":10,"s:137:2:137:Infinity":33,"f:143:15:143:Infinity":3,"b:147:2:152:Infinity:undefined:undefined:undefined:undefined":11,"s:147:2:152:Infinity":34,"b:147:6:147:27:147:27:147:50":12,"s:148:4:151:Infinity":35,"s:154:17:159:Infinity":36,"s:161:19:165:Infinity":37,"b:167:2:170:Infinity:undefined:undefined:undefined:undefined":13,"s:167:2:170:Infinity":38,"s:168:22:168:Infinity":39,"s:169:4:169:Infinity":40,"s:172:2:172:Infinity":41,"f:182:15:182:Infinity":4,"s:186:19:194:Infinity":42,"b:196:2:199:Infinity:undefined:undefined:undefined:undefined":14,"s:196:2:199:Infinity":43,"s:197:22:197:Infinity":44,"s:198:4:198:Infinity":45,"s:201:18:201:Infinity":46,"s:202:2:202:Infinity":47,"f:208:15:208:Infinity":5,"s:216:2:242:Infinity":48,"s:218:29:218:Infinity":49,"s:221:22:221:Infinity":50,"b:221:22:221:43:221:43:221:Infinity":15,"b:222:4:224:Infinity:undefined:undefined:undefined:undefined":16,"s:222:4:224:Infinity":51,"s:223:6:223:Infinity":52,"s:227:17:227:Infinity":53,"s:230:19:230:Infinity":54,"b:232:4:234:Infinity:undefined:undefined:undefined:undefined":17,"s:232:4:234:Infinity":55,"s:233:4:233:Infinity":56,"s:237:10:237:Infinity":57,"f:237:40:237:41":6,"s:237:47:237:68":58,"s:239:4:239:Infinity":59,"s:241:4:241:Infinity":60,"f:252:9:252:28":7,"s:253:26:253:Infinity":61,"s:256:2:256:Infinity":62,"b:258:2:262:Infinity:undefined:undefined:undefined:undefined":18,"s:258:2:262:Infinity":63,"s:259:4:259:Infinity":64,"s:260:4:260:Infinity":65,"s:261:4:261:Infinity":66,"s:264:2:264:Infinity":67,"s:267:2:272:Infinity":68,"s:268:10:268:Infinity":69,"s:269:4:271:Infinity":70,"b:275:2:278:Infinity:undefined:undefined:undefined:undefined":19,"s:275:2:278:Infinity":71,"s:276:4:276:Infinity":72,"s:277:4:277:Infinity":73,"s:280:2:280:Infinity":74,"f:291:22:291:63":8,"s:292:2:353:Infinity":75,"s:294:20:294:Infinity":76,"s:295:17:295:Infinity":77,"b:297:4:302:Infinity:undefined:undefined:undefined:undefined":20,"s:297:4:302:Infinity":78,"b:297:8:297:26:297:26:297:54":21,"s:298:6:301:Infinity":79,"s:305:26:305:Infinity":80,"f:305:47:305:48":9,"s:305:60:305:73":81,"b:307:4:312:Infinity:undefined:undefined:undefined:undefined":22,"s:307:4:312:Infinity":82,"s:308:6:311:Infinity":83,"s:315:20:321:Infinity":84,"f:316:24:316:25":10,"s:317:8:319:Infinity":85,"f:318:10:318:11":11,"s:318:23:318:Infinity":86,"s:324:30:324:Infinity":87,"s:326:4:337:Infinity":88,"b:327:6:336:Infinity:329:6:336:Infinity":23,"s:327:6:336:Infinity":89,"s:328:8:328:Infinity":90,"b:328:24:328:41:328:41:328:50":24,"b:329:6:336:Infinity:undefined:undefined:undefined:undefined":25,"s:329:6:336:Infinity":91,"b:329:17:329:34:329:34:329:60":26,"s:330:44:334:Infinity":92,"b:331:17:331:34:331:34:331:Infinity":27,"b:333:20:333:39:333:39:333:Infinity":28,"s:335:8:335:Infinity":93,"b:340:4:345:Infinity:undefined:undefined:undefined:undefined":29,"s:340:4:345:Infinity":94,"s:341:6:344:Infinity":95,"s:347:4:350:Infinity":96,"s:352:4:352:Infinity":97}}}
}
